Arguments: 
  /usr/bin/node /home/simon/.cache/node/corepack/yarn/1.22.19/bin/yarn.js add --dev depecheck

PATH: 
  /home/simon/.local/bin:/home/simon/bin:/usr/local/sbin:/usr/local/bin:/usr/sbin:/usr/bin:/sbin:/bin:/usr/games:/usr/local/games:/snap/bin:/snap/bin:/home/simon/.dotnet/tools

Yarn version: 
  1.22.19

Node version: 
  16.19.1

Platform: 
  linux x64

Trace: 
  Error: https://registry.yarnpkg.com/depecheck: Not found
      at Request.params.callback [as _callback] (/home/simon/.cache/node/corepack/yarn/1.22.19/lib/cli.js:66145:18)
      at Request.self.callback (/home/simon/.cache/node/corepack/yarn/1.22.19/lib/cli.js:140890:22)
      at Request.emit (node:events:513:28)
      at Request.<anonymous> (/home/simon/.cache/node/corepack/yarn/1.22.19/lib/cli.js:141862:10)
      at Request.emit (node:events:513:28)
      at IncomingMessage.<anonymous> (/home/simon/.cache/node/corepack/yarn/1.22.19/lib/cli.js:141784:12)
      at Object.onceWrapper (node:events:627:28)
      at IncomingMessage.emit (node:events:525:35)
      at endReadableNT (node:internal/streams/readable:1358:12)
      at processTicksAndRejections (node:internal/process/task_queues:83:21)

npm manifest: 
  {
    "name": "@airthium/extract-json-from-string",
    "description": "Extract JSON/javascript objects from strings",
    "version": "2.0.0",
    "type": "module",
    "scripts": {
      "depcheck": "depcheck .",
      "prettier": "prettier -l '**/*.{js,ts,json,md}'",
      "test": "jest --silent --coverage",
      "build": "swc lib/ --out-dir dist"
    },
    "repository": {
      "type": "git",
      "url": "https://github.com/Airthium/extract-json-from-string"
    },
    "keywords": [
      "JSON",
      "objects",
      "extract",
      "find",
      "braces",
      "matching"
    ],
    "author": {
      "name": "Andrew Nichols",
      "email": "tandrewnichols@gmail.com",
      "url": "www.tandrewnichols.me"
    },
    "license": "MIT",
    "bugs": {
      "url": "https://github.com/tandrewnichols/extract-json-from-string/issues"
    },
    "engines": {
      "node": ">=0.10.0"
    },
    "homepage": "https://github.com/tandrewnichols/extract-json-from-string",
    "dependencies": {},
    "devDependencies": {}
  }

yarn manifest: 
  No manifest

Lockfile: 
  # THIS IS AN AUTOGENERATED FILE. DO NOT EDIT THIS FILE DIRECTLY.
  # yarn lockfile v1
